EVChargingMobile/app/build/intermediates/manifest_merge_blame_file/debug/manifest-merger-blame-debug-report.txt
1<?xml version="1.0" encoding="utf-8"?>
2<manifest xmlns:android="http://schemas.android.com/apk/res/android"
3    package="com.evcharging.mobile"
4    android:versionCode="1"
5    android:versionName="1.0" >
6
7    <uses-sdk
8        android:minSdkVersion="24"
8-->src/main/AndroidManifest.xml
9        android:targetSdkVersion="34" />
9-->src/main/AndroidManifest.xml
10
11    <!-- Permissions -->
12    <uses-permission android:name="android.permission.INTERNET" />
12-->src/main/AndroidManifest.xml:6:5-67
12-->src/main/AndroidManifest.xml:6:22-64
13    <uses-permission android:name="android.permission.ACCESS_NETWORK_STATE" />
13-->src/main/AndroidManifest.xml:7:5-79
13-->src/main/AndroidManifest.xml:7:22-76
14    <uses-permission android:name="android.permission.ACCESS_FINE_LOCATION" />
14-->src/main/AndroidManifest.xml:8:5-79
14-->src/main/AndroidManifest.xml:8:22-76
15    <uses-permission android:name="android.permission.ACCESS_COARSE_LOCATION" />
15-->src/main/AndroidManifest.xml:9:5-81
15-->src/main/AndroidManifest.xml:9:22-78
16    <uses-permission android:name="android.permission.CAMERA" />
16-->src/main/AndroidManifest.xml:10:5-65
16-->src/main/AndroidManifest.xml:10:22-62
17    <uses-permission android:name="android.permission.VIBRATE" />
17-->src/main/AndroidManifest.xml:11:5-66
17-->src/main/AndroidManifest.xml:11:22-63
18
19    <uses-feature
19-->[com.google.android.gms:play-services-maps:18.2.0] AndroidManifest.xml:26:5-28:35
20        android:glEsVersion="0x00020000"
20-->[com.google.android.gms:play-services-maps:18.2.0] AndroidManifest.xml:27:9-41
21        android:required="true" />
21-->[com.google.android.gms:play-services-maps:18.2.0] AndroidManifest.xml:28:9-32
22
23    <queries>
23-->[com.google.android.gms:play-services-maps:18.2.0] AndroidManifest.xml:30:5-34:15
24
25        <!-- Needs to be explicitly declared on Android R+ -->
26        <package android:name="com.google.android.apps.maps" />
26-->[com.google.android.gms:play-services-maps:18.2.0] AndroidManifest.xml:33:9-64
26-->[com.google.android.gms:play-services-maps:18.2.0] AndroidManifest.xml:33:18-61
27    </queries>
28
29    <permission
29-->[androidx.core:core:1.12.0] AndroidManifest.xml:22:5-24:47
30        android:name="com.evcharging.mobile.DYNAMIC_RECEIVER_NOT_EXPORTED_PERMISSION"
30-->[androidx.core:core:1.12.0] AndroidManifest.xml:23:9-81
31        android:protectionLevel="signature" />
31-->[androidx.core:core:1.12.0] AndroidManifest.xml:24:9-44
32
33    <uses-permission android:name="com.evcharging.mobile.DYNAMIC_RECEIVER_NOT_EXPORTED_PERMISSION" /> <!-- Don't require camera, as this requires a rear camera. This allows it to work on the Nexus 7 -->
33-->[androidx.core:core:1.12.0] AndroidManifest.xml:26:5-97
33-->[androidx.core:core:1.12.0] AndroidManifest.xml:26:22-94
34    <uses-feature
34-->[com.journeyapps:zxing-android-embedded:4.3.0] AndroidManifest.xml:25:5-27:36
35        android:name="android.hardware.camera"
35-->[com.journeyapps:zxing-android-embedded:4.3.0] AndroidManifest.xml:26:9-47
36        android:required="false" />
36-->[com.journeyapps:zxing-android-embedded:4.3.0] AndroidManifest.xml:27:9-33
37    <uses-feature
37-->[com.journeyapps:zxing-android-embedded:4.3.0] AndroidManifest.xml:28:5-30:36
38        android:name="android.hardware.camera.front"
38-->[com.journeyapps:zxing-android-embedded:4.3.0] AndroidManifest.xml:29:9-53
39        android:required="false" /> <!-- TODO replace above two with next line after Android 4.2 -->
39-->[com.journeyapps:zxing-android-embedded:4.3.0] AndroidManifest.xml:30:9-33
40    <!-- <uses-feature android:name="android.hardware.camera.any"/> -->
41    <uses-feature
41-->[com.journeyapps:zxing-android-embedded:4.3.0] AndroidManifest.xml:33:5-35:36
42        android:name="android.hardware.camera.autofocus"
42-->[com.journeyapps:zxing-android-embedded:4.3.0] AndroidManifest.xml:34:9-57
43        android:required="false" />
43-->[com.journeyapps:zxing-android-embedded:4.3.0] AndroidManifest.xml:35:9-33
44    <uses-feature
44-->[com.journeyapps:zxing-android-embedded:4.3.0] AndroidManifest.xml:36:5-38:36
45        android:name="android.hardware.camera.flash"
45-->[com.journeyapps:zxing-android-embedded:4.3.0] AndroidManifest.xml:37:9-53
46        android:required="false" />
46-->[com.journeyapps:zxing-android-embedded:4.3.0] AndroidManifest.xml:38:9-33
47    <uses-feature
47-->[com.journeyapps:zxing-android-embedded:4.3.0] AndroidManifest.xml:39:5-41:36
48        android:name="android.hardware.screen.landscape"
48-->[com.journeyapps:zxing-android-embedded:4.3.0] AndroidManifest.xml:40:9-57
49        android:required="false" />
49-->[com.journeyapps:zxing-android-embedded:4.3.0] AndroidManifest.xml:41:9-33
50    <uses-feature
50-->[com.journeyapps:zxing-android-embedded:4.3.0] AndroidManifest.xml:42:5-44:36
51        android:name="android.hardware.wifi"
51-->[com.journeyapps:zxing-android-embedded:4.3.0] AndroidManifest.xml:43:9-45
52        android:required="false" />
52-->[com.journeyapps:zxing-android-embedded:4.3.0] AndroidManifest.xml:44:9-33
53
54    <application
54-->src/main/AndroidManifest.xml:13:5-107:19
55        android:allowBackup="true"
55-->src/main/AndroidManifest.xml:14:9-35
56        android:appComponentFactory="androidx.core.app.CoreComponentFactory"
56-->[androidx.core:core:1.12.0] AndroidManifest.xml:28:18-86
57        android:dataExtractionRules="@xml/data_extraction_rules"
57-->src/main/AndroidManifest.xml:15:9-65
58        android:debuggable="true"
59        android:extractNativeLibs="false"
60        android:fullBackupContent="@xml/backup_rules"
60-->src/main/AndroidManifest.xml:16:9-54
61        android:icon="@mipmap/ic_launcher"
61-->src/main/AndroidManifest.xml:17:9-43
62        android:label="@string/app_name"
62-->src/main/AndroidManifest.xml:18:9-41
63        android:roundIcon="@mipmap/ic_launcher_round"
63-->src/main/AndroidManifest.xml:19:9-54
64        android:supportsRtl="true"
64-->src/main/AndroidManifest.xml:20:9-35
65        android:theme="@style/Theme.EVChargingMobile"
65-->src/main/AndroidManifest.xml:21:9-54
66        android:usesCleartextTraffic="true" >
66-->src/main/AndroidManifest.xml:22:9-44
67
68        <!-- Google Maps API Key - Load from environment -->
69        <meta-data
69-->src/main/AndroidManifest.xml:26:9-28:65
70            android:name="com.google.android.geo.API_KEY"
70-->src/main/AndroidManifest.xml:27:13-58
71            android:value="AIzaSyDummyKeyForTesting123456789" />
71-->src/main/AndroidManifest.xml:28:13-62
72
73        <!-- Main Activity -->
74        <activity
74-->src/main/AndroidManifest.xml:31:9-39:20
75            android:name="com.evcharging.mobile.ui.SplashActivity"
75-->src/main/AndroidManifest.xml:32:13-46
76            android:exported="true"
76-->src/main/AndroidManifest.xml:33:13-36
77            android:theme="@style/Theme.EVChargingMobile.Splash" >
77-->src/main/AndroidManifest.xml:34:13-65
78            <intent-filter>
78-->src/main/AndroidManifest.xml:35:13-38:29
79                <action android:name="android.intent.action.MAIN" />
79-->src/main/AndroidManifest.xml:36:17-69
79-->src/main/AndroidManifest.xml:36:25-66
80
81                <category android:name="android.intent.category.LAUNCHER" />
81-->src/main/AndroidManifest.xml:37:17-77
81-->src/main/AndroidManifest.xml:37:27-74
82            </intent-filter>
83        </activity>
84        <activity
84-->src/main/AndroidManifest.xml:41:9-44:61
85            android:name="com.evcharging.mobile.ui.AuthActivity"
85-->src/main/AndroidManifest.xml:42:13-44
86            android:exported="false"
86-->src/main/AndroidManifest.xml:43:13-37
87            android:theme="@style/Theme.EVChargingMobile" />
87-->src/main/AndroidManifest.xml:44:13-58
88        <activity
88-->src/main/AndroidManifest.xml:46:9-49:61
89            android:name="com.evcharging.mobile.ui.DashboardActivity"
89-->src/main/AndroidManifest.xml:47:13-49
90            android:exported="false"
90-->src/main/AndroidManifest.xml:48:13-37
91            android:theme="@style/Theme.EVChargingMobile" />
91-->src/main/AndroidManifest.xml:49:13-58
92
93        <!-- Operator Activity -->
94        <activity
94-->src/main/AndroidManifest.xml:53:9-56:61
95            android:name="com.evcharging.mobile.ui.OperatorActivity"
95-->src/main/AndroidManifest.xml:54:13-48
96            android:exported="false"
96-->src/main/AndroidManifest.xml:55:13-37
97            android:theme="@style/Theme.EVChargingMobile" />
97-->src/main/AndroidManifest.xml:56:13-58
98
99        <!-- Dashboard Activity -->
100        <activity
100-->src/main/AndroidManifest.xml:60:13-63:65
101            android:name="com.evcharging.mobile.ui.dashboard.DashboardActivity"
101-->src/main/AndroidManifest.xml:61:17-63
102            android:exported="false"
102-->src/main/AndroidManifest.xml:62:17-41
103            android:theme="@style/Theme.EVChargingMobile" />
103-->src/main/AndroidManifest.xml:63:17-62
104
105        <!-- Create Booking Activity -->
106        <activity
106-->src/main/AndroidManifest.xml:66:13-69:65
107            android:name="com.evcharging.mobile.ui.CreateBookingActivity"
107-->src/main/AndroidManifest.xml:67:17-57
108            android:exported="false"
108-->src/main/AndroidManifest.xml:68:17-41
109            android:theme="@style/Theme.EVChargingMobile" />
109-->src/main/AndroidManifest.xml:69:17-62
110
111        <!-- Station Selection Activity -->
112        <activity
112-->src/main/AndroidManifest.xml:72:13-75:65
113            android:name="com.evcharging.mobile.ui.StationSelectionActivity"
113-->src/main/AndroidManifest.xml:73:17-60
114            android:exported="false"
114-->src/main/AndroidManifest.xml:74:17-41
115            android:theme="@style/Theme.EVChargingMobile" />
115-->src/main/AndroidManifest.xml:75:17-62
116
117        <!-- Station Details Activity -->
118        <activity
118-->src/main/AndroidManifest.xml:78:9-81:61
119            android:name="com.evcharging.mobile.ui.stations.StationDetailsActivity"
119-->src/main/AndroidManifest.xml:79:13-63
120            android:exported="false"
120-->src/main/AndroidManifest.xml:80:13-37
121            android:theme="@style/Theme.EVChargingMobile" />
121-->src/main/AndroidManifest.xml:81:13-58
122
123        <!-- Booking Activity -->
124        <activity
124-->src/main/AndroidManifest.xml:84:9-87:61
125            android:name="com.evcharging.mobile.ui.bookings.BookingActivity"
125-->src/main/AndroidManifest.xml:85:13-56
126            android:exported="false"
126-->src/main/AndroidManifest.xml:86:13-37
127            android:theme="@style/Theme.EVChargingMobile" />
127-->src/main/AndroidManifest.xml:87:13-58
128
129        <!-- QR Scanner Activity -->
130        <activity
130-->src/main/AndroidManifest.xml:90:9-93:61
131            android:name="com.evcharging.mobile.ui.operator.QrScannerActivity"
131-->src/main/AndroidManifest.xml:91:13-58
132            android:exported="false"
132-->src/main/AndroidManifest.xml:92:13-37
133            android:theme="@style/Theme.EVChargingMobile" />
133-->src/main/AndroidManifest.xml:93:13-58
134
135        <!-- Maps Activity -->
136        <activity
136-->src/main/AndroidManifest.xml:96:9-99:61
137            android:name="com.evcharging.mobile.ui.maps.MapsActivity"
137-->src/main/AndroidManifest.xml:97:13-49
138            android:exported="false"
138-->src/main/AndroidManifest.xml:98:13-37
139            android:theme="@style/Theme.EVChargingMobile" />
139-->src/main/AndroidManifest.xml:99:13-58
140
141        <!-- API Test Activity -->
142        <activity
142-->src/main/AndroidManifest.xml:102:9-105:61
143            android:name="com.evcharging.mobile.ui.APITestActivity"
143-->src/main/AndroidManifest.xml:103:13-47
144            android:exported="false"
144-->src/main/AndroidManifest.xml:104:13-37
145            android:theme="@style/Theme.EVChargingMobile" />
145-->src/main/AndroidManifest.xml:105:13-58
146
147        <provider
147-->[androidx.emoji2:emoji2:1.2.0] AndroidManifest.xml:24:9-32:20
148            android:name="androidx.startup.InitializationProvider"
148-->[androidx.emoji2:emoji2:1.2.0] AndroidManifest.xml:25:13-67
149            android:authorities="com.evcharging.mobile.androidx-startup"
149-->[androidx.emoji2:emoji2:1.2.0] AndroidManifest.xml:26:13-68
150            android:exported="false" >
150-->[androidx.emoji2:emoji2:1.2.0] AndroidManifest.xml:27:13-37
151            <meta-data
151-->[androidx.emoji2:emoji2:1.2.0] AndroidManifest.xml:29:13-31:52
152                android:name="androidx.emoji2.text.EmojiCompatInitializer"
152-->[androidx.emoji2:emoji2:1.2.0] AndroidManifest.xml:30:17-75
153                android:value="androidx.startup" />
153-->[androidx.emoji2:emoji2:1.2.0] AndroidManifest.xml:31:17-49
154            <meta-data
154-->[androidx.lifecycle:lifecycle-process:2.7.0] AndroidManifest.xml:29:13-31:52
155                android:name="androidx.lifecycle.ProcessLifecycleInitializer"
155-->[androidx.lifecycle:lifecycle-process:2.7.0] AndroidManifest.xml:30:17-78
156                android:value="androidx.startup" />
156-->[androidx.lifecycle:lifecycle-process:2.7.0] AndroidManifest.xml:31:17-49
157            <meta-data
157-->[androidx.profileinstaller:profileinstaller:1.3.0] AndroidManifest.xml:29:13-31:52
158                android:name="androidx.profileinstaller.ProfileInstallerInitializer"
158-->[androidx.profileinstaller:profileinstaller:1.3.0] AndroidManifest.xml:30:17-85
159                android:value="androidx.startup" />
159-->[androidx.profileinstaller:profileinstaller:1.3.0] AndroidManifest.xml:31:17-49
160        </provider> <!-- Needs to be explicitly declared on P+ -->
161        <uses-library
161-->[com.google.android.gms:play-services-maps:18.2.0] AndroidManifest.xml:39:9-41:40
162            android:name="org.apache.http.legacy"
162-->[com.google.android.gms:play-services-maps:18.2.0] AndroidManifest.xml:40:13-50
163            android:required="false" />
163-->[com.google.android.gms:play-services-maps:18.2.0] AndroidManifest.xml:41:13-37
164
165        <activity
165-->[com.google.android.gms:play-services-base:18.1.0] AndroidManifest.xml:20:9-22:45
166            android:name="com.google.android.gms.common.api.GoogleApiActivity"
166-->[com.google.android.gms:play-services-base:18.1.0] AndroidManifest.xml:20:19-85
167            android:exported="false"
167-->[com.google.android.gms:play-services-base:18.1.0] AndroidManifest.xml:22:19-43
168            android:theme="@android:style/Theme.Translucent.NoTitleBar" />
168-->[com.google.android.gms:play-services-base:18.1.0] AndroidManifest.xml:21:19-78
169
170        <meta-data
170-->[com.google.android.gms:play-services-basement:18.1.0] AndroidManifest.xml:21:9-23:69
171            android:name="com.google.android.gms.version"
171-->[com.google.android.gms:play-services-basement:18.1.0] AndroidManifest.xml:22:13-58
172            android:value="@integer/google_play_services_version" />
172-->[com.google.android.gms:play-services-basement:18.1.0] AndroidManifest.xml:23:13-66
173
174        <uses-library
174-->[androidx.window:window:1.0.0] AndroidManifest.xml:25:9-27:40
175            android:name="androidx.window.extensions"
175-->[androidx.window:window:1.0.0] AndroidManifest.xml:26:13-54
176            android:required="false" />
176-->[androidx.window:window:1.0.0] AndroidManifest.xml:27:13-37
177        <uses-library
177-->[androidx.window:window:1.0.0] AndroidManifest.xml:28:9-30:40
178            android:name="androidx.window.sidecar"
178-->[androidx.window:window:1.0.0] AndroidManifest.xml:29:13-51
179            android:required="false" />
179-->[androidx.window:window:1.0.0] AndroidManifest.xml:30:13-37
180
181        <activity
181-->[com.journeyapps:zxing-android-embedded:4.3.0] AndroidManifest.xml:47:9-53:63
182            android:name="com.journeyapps.barcodescanner.CaptureActivity"
182-->[com.journeyapps:zxing-android-embedded:4.3.0] AndroidManifest.xml:48:13-74
183            android:clearTaskOnLaunch="true"
183-->[com.journeyapps:zxing-android-embedded:4.3.0] AndroidManifest.xml:49:13-45
184            android:screenOrientation="sensorLandscape"
184-->[com.journeyapps:zxing-android-embedded:4.3.0] AndroidManifest.xml:50:13-56
185            android:stateNotNeeded="true"
185-->[com.journeyapps:zxing-android-embedded:4.3.0] AndroidManifest.xml:51:13-42
186            android:theme="@style/zxing_CaptureTheme"
186-->[com.journeyapps:zxing-android-embedded:4.3.0] AndroidManifest.xml:52:13-54
187            android:windowSoftInputMode="stateAlwaysHidden" />
187-->[com.journeyapps:zxing-android-embedded:4.3.0] AndroidManifest.xml:53:13-60
188
189        <receiver
189-->[androidx.profileinstaller:profileinstaller:1.3.0] AndroidManifest.xml:34:9-52:20
190            android:name="androidx.profileinstaller.ProfileInstallReceiver"
190-->[androidx.profileinstaller:profileinstaller:1.3.0] AndroidManifest.xml:35:13-76
191            android:directBootAware="false"
191-->[androidx.profileinstaller:profileinstaller:1.3.0] AndroidManifest.xml:36:13-44
192            android:enabled="true"
192-->[androidx.profileinstaller:profileinstaller:1.3.0] AndroidManifest.xml:37:13-35
193            android:exported="true"
193-->[androidx.profileinstaller:profileinstaller:1.3.0] AndroidManifest.xml:38:13-36
194            android:permission="android.permission.DUMP" >
194-->[androidx.profileinstaller:profileinstaller:1.3.0] AndroidManifest.xml:39:13-57
195            <intent-filter>
195-->[androidx.profileinstaller:profileinstaller:1.3.0] AndroidManifest.xml:40:13-42:29
196                <action android:name="androidx.profileinstaller.action.INSTALL_PROFILE" />
196-->[androidx.profileinstaller:profileinstaller:1.3.0] AndroidManifest.xml:41:17-91
196-->[androidx.profileinstaller:profileinstaller:1.3.0] AndroidManifest.xml:41:25-88
197            </intent-filter>
198            <intent-filter>
198-->[androidx.profileinstaller:profileinstaller:1.3.0] AndroidManifest.xml:43:13-45:29
199                <action android:name="androidx.profileinstaller.action.SKIP_FILE" />
199-->[androidx.profileinstaller:profileinstaller:1.3.0] AndroidManifest.xml:44:17-85
199-->[androidx.profileinstaller:profileinstaller:1.3.0] AndroidManifest.xml:44:25-82
200            </intent-filter>
201            <intent-filter>
201-->[androidx.profileinstaller:profileinstaller:1.3.0] AndroidManifest.xml:46:13-48:29
202                <action android:name="androidx.profileinstaller.action.SAVE_PROFILE" />
202-->[androidx.profileinstaller:profileinstaller:1.3.0] AndroidManifest.xml:47:17-88
202-->[androidx.profileinstaller:profileinstaller:1.3.0] AndroidManifest.xml:47:25-85
203            </intent-filter>
204            <intent-filter>
204-->[androidx.profileinstaller:profileinstaller:1.3.0] AndroidManifest.xml:49:13-51:29
205                <action android:name="androidx.profileinstaller.action.BENCHMARK_OPERATION" />
205-->[androidx.profileinstaller:profileinstaller:1.3.0] AndroidManifest.xml:50:17-95
205-->[androidx.profileinstaller:profileinstaller:1.3.0] AndroidManifest.xml:50:25-92
206            </intent-filter>
207        </receiver>
208    </application>
209
210</manifest>